<?xml version="1.0" encoding="UTF-8"?>
<!-- Generated by org.testng.reporters.JUnitReportReporter -->
<testsuite hostname="DESKTOP-VFNMNA6" failures="0" tests="1" name="testCases.TC_001_AccountRegistrationTest" time="3.690" errors="0" timestamp="2023-09-18T12:21:39 IST" skipped="0">
  <testcase classname="testCases.TC_001_AccountRegistrationTest" name="test_AccountRegister" time="3.690"/>
  <system-out/>
</testsuite> <!-- testCases.TC_001_AccountRegistrationTest -->
