<?xml version="1.0" encoding="UTF-8"?>
<!-- Generated by org.testng.reporters.JUnitReportReporter -->
<testsuite hostname="DESKTOP-VFNMNA6" failures="0" tests="1" name="testCases.TC_002_LoginTest" time="3.576" errors="0" timestamp="2023-09-18T12:21:39 IST" skipped="0">
  <testcase classname="testCases.TC_002_LoginTest" name="test_login" time="3.576"/>
  <system-out/>
</testsuite> <!-- testCases.TC_002_LoginTest -->
