<?xml version="1.0" encoding="UTF-8"?>
<!-- Generated by org.testng.reporters.JUnitReportReporter -->
<testsuite hostname="DESKTOP-VFNMNA6" failures="0" tests="1" name="testCases.TC_001_AccountRegistrationTest" time="3.866" errors="0" timestamp="2023-09-18T13:40:19 IST" skipped="0">
  <testcase classname="testCases.TC_001_AccountRegistrationTest" name="test_AccountRegister" time="3.866"/>
</testsuite> <!-- testCases.TC_001_AccountRegistrationTest -->
